0 info it worked if it ends with ok
1 verbose cli [ '/usr/local/Cellar/node/0.8.8/bin/node',
1 verbose cli   '/usr/local/bin/npm',
1 verbose cli   'install' ]
2 info using npm@1.1.59
3 info using node@v0.8.8
4 verbose read json /Users/sblock/projects/roots-aie/package.json
5 verbose readDependencies using package.json deps
6 verbose install where, deps [ '/Users/sblock/projects/roots-aie',
6 verbose install   [ 'grunt',
6 verbose install     'grunt-contrib-clean',
6 verbose install     'grunt-contrib-jshint',
6 verbose install     'grunt-contrib-uglify',
6 verbose install     'grunt-contrib-watch',
6 verbose install     'grunt-contrib-less',
6 verbose install     'grunt-wp-version' ] ]
7 verbose from cache /Users/sblock/projects/roots-aie/package.json
8 info preinstall roots@6.5.1
9 verbose from cache /Users/sblock/projects/roots-aie/package.json
10 verbose readDependencies using package.json deps
11 verbose cache add [ 'grunt@~0.4.1', null ]
12 silly cache add name=undefined spec="grunt@~0.4.1" args=["grunt@~0.4.1",null]
13 verbose parsed url { pathname: 'grunt@~0.4.1',
13 verbose parsed url   path: 'grunt@~0.4.1',
13 verbose parsed url   href: 'grunt@~0.4.1' }
14 silly cache add name="grunt" spec="~0.4.1" args=["grunt","~0.4.1"]
15 verbose parsed url { pathname: '~0.4.1', path: '~0.4.1', href: '~0.4.1' }
16 verbose addNamed [ 'grunt', '~0.4.1' ]
17 verbose addNamed [ null, '>=0.4.1- <0.5.0-' ]
18 verbose cache add [ 'grunt-contrib-clean@~0.5.0', null ]
19 silly cache add name=undefined spec="grunt-contrib-clean@~0.5.0" args=["grunt-contrib-clean@~0.5.0",null]
20 verbose parsed url { pathname: 'grunt-contrib-clean@~0.5.0',
20 verbose parsed url   path: 'grunt-contrib-clean@~0.5.0',
20 verbose parsed url   href: 'grunt-contrib-clean@~0.5.0' }
21 silly cache add name="grunt-contrib-clean" spec="~0.5.0" args=["grunt-contrib-clean","~0.5.0"]
22 verbose parsed url { pathname: '~0.5.0', path: '~0.5.0', href: '~0.5.0' }
23 verbose addNamed [ 'grunt-contrib-clean', '~0.5.0' ]
24 verbose addNamed [ null, '>=0.5.0- <0.6.0-' ]
25 verbose cache add [ 'grunt-contrib-jshint@~0.6.4', null ]
26 silly cache add name=undefined spec="grunt-contrib-jshint@~0.6.4" args=["grunt-contrib-jshint@~0.6.4",null]
27 verbose parsed url { pathname: 'grunt-contrib-jshint@~0.6.4',
27 verbose parsed url   path: 'grunt-contrib-jshint@~0.6.4',
27 verbose parsed url   href: 'grunt-contrib-jshint@~0.6.4' }
28 silly cache add name="grunt-contrib-jshint" spec="~0.6.4" args=["grunt-contrib-jshint","~0.6.4"]
29 verbose parsed url { pathname: '~0.6.4', path: '~0.6.4', href: '~0.6.4' }
30 verbose addNamed [ 'grunt-contrib-jshint', '~0.6.4' ]
31 verbose addNamed [ null, '>=0.6.4- <0.7.0-' ]
32 silly lockFile 766a3bd3-grunt-0-4-1 grunt@~0.4.1
33 verbose lock grunt@~0.4.1 /Users/sblock/.npm/766a3bd3-grunt-0-4-1.lock
34 silly lockFile 83f743bc-grunt-contrib-clean-0-5-0 grunt-contrib-clean@~0.5.0
35 verbose lock grunt-contrib-clean@~0.5.0 /Users/sblock/.npm/83f743bc-grunt-contrib-clean-0-5-0.lock
36 silly lockFile cd9f4e50-grunt-contrib-jshint-0-6-4 grunt-contrib-jshint@~0.6.4
37 verbose lock grunt-contrib-jshint@~0.6.4 /Users/sblock/.npm/cd9f4e50-grunt-contrib-jshint-0-6-4.lock
38 silly addNameRange { name: 'grunt', range: '>=0.4.1- <0.5.0-', hasData: false }
39 silly addNameRange { name: 'grunt-contrib-clean',
39 silly addNameRange   range: '>=0.5.0- <0.6.0-',
39 silly addNameRange   hasData: false }
40 verbose cache add [ 'grunt-contrib-uglify@~0.2.4', null ]
41 silly cache add name=undefined spec="grunt-contrib-uglify@~0.2.4" args=["grunt-contrib-uglify@~0.2.4",null]
42 verbose parsed url { pathname: 'grunt-contrib-uglify@~0.2.4',
42 verbose parsed url   path: 'grunt-contrib-uglify@~0.2.4',
42 verbose parsed url   href: 'grunt-contrib-uglify@~0.2.4' }
43 silly cache add name="grunt-contrib-uglify" spec="~0.2.4" args=["grunt-contrib-uglify","~0.2.4"]
44 verbose parsed url { pathname: '~0.2.4', path: '~0.2.4', href: '~0.2.4' }
45 verbose addNamed [ 'grunt-contrib-uglify', '~0.2.4' ]
46 verbose addNamed [ null, '>=0.2.4- <0.3.0-' ]
47 silly lockFile dcf05dfd-grunt-contrib-uglify-0-2-4 grunt-contrib-uglify@~0.2.4
48 verbose lock grunt-contrib-uglify@~0.2.4 /Users/sblock/.npm/dcf05dfd-grunt-contrib-uglify-0-2-4.lock
49 verbose cache add [ 'grunt-contrib-watch@~0.5.3', null ]
50 silly cache add name=undefined spec="grunt-contrib-watch@~0.5.3" args=["grunt-contrib-watch@~0.5.3",null]
51 verbose parsed url { pathname: 'grunt-contrib-watch@~0.5.3',
51 verbose parsed url   path: 'grunt-contrib-watch@~0.5.3',
51 verbose parsed url   href: 'grunt-contrib-watch@~0.5.3' }
52 silly cache add name="grunt-contrib-watch" spec="~0.5.3" args=["grunt-contrib-watch","~0.5.3"]
53 verbose parsed url { pathname: '~0.5.3', path: '~0.5.3', href: '~0.5.3' }
54 verbose addNamed [ 'grunt-contrib-watch', '~0.5.3' ]
55 verbose addNamed [ null, '>=0.5.3- <0.6.0-' ]
56 silly lockFile b469febc-grunt-contrib-watch-0-5-3 grunt-contrib-watch@~0.5.3
57 verbose lock grunt-contrib-watch@~0.5.3 /Users/sblock/.npm/b469febc-grunt-contrib-watch-0-5-3.lock
58 verbose cache add [ 'grunt-contrib-less@~0.8.1', null ]
59 silly cache add name=undefined spec="grunt-contrib-less@~0.8.1" args=["grunt-contrib-less@~0.8.1",null]
60 verbose parsed url { pathname: 'grunt-contrib-less@~0.8.1',
60 verbose parsed url   path: 'grunt-contrib-less@~0.8.1',
60 verbose parsed url   href: 'grunt-contrib-less@~0.8.1' }
61 silly cache add name="grunt-contrib-less" spec="~0.8.1" args=["grunt-contrib-less","~0.8.1"]
62 verbose parsed url { pathname: '~0.8.1', path: '~0.8.1', href: '~0.8.1' }
63 verbose addNamed [ 'grunt-contrib-less', '~0.8.1' ]
64 verbose addNamed [ null, '>=0.8.1- <0.9.0-' ]
65 silly lockFile 34b69c49-grunt-contrib-less-0-8-1 grunt-contrib-less@~0.8.1
66 verbose lock grunt-contrib-less@~0.8.1 /Users/sblock/.npm/34b69c49-grunt-contrib-less-0-8-1.lock
67 verbose cache add [ 'grunt-wp-version@~0.1.0', null ]
68 silly cache add name=undefined spec="grunt-wp-version@~0.1.0" args=["grunt-wp-version@~0.1.0",null]
69 verbose parsed url { pathname: 'grunt-wp-version@~0.1.0',
69 verbose parsed url   path: 'grunt-wp-version@~0.1.0',
69 verbose parsed url   href: 'grunt-wp-version@~0.1.0' }
70 silly cache add name="grunt-wp-version" spec="~0.1.0" args=["grunt-wp-version","~0.1.0"]
71 verbose parsed url { pathname: '~0.1.0', path: '~0.1.0', href: '~0.1.0' }
72 verbose addNamed [ 'grunt-wp-version', '~0.1.0' ]
73 verbose addNamed [ null, '>=0.1.0- <0.2.0-' ]
74 silly lockFile 6d5fc526-grunt-wp-version-0-1-0 grunt-wp-version@~0.1.0
75 verbose lock grunt-wp-version@~0.1.0 /Users/sblock/.npm/6d5fc526-grunt-wp-version-0-1-0.lock
76 silly addNameRange { name: 'grunt-contrib-jshint',
76 silly addNameRange   range: '>=0.6.4- <0.7.0-',
76 silly addNameRange   hasData: false }
77 silly addNameRange { name: 'grunt-contrib-uglify',
77 silly addNameRange   range: '>=0.2.4- <0.3.0-',
77 silly addNameRange   hasData: false }
78 silly addNameRange { name: 'grunt-contrib-watch',
78 silly addNameRange   range: '>=0.5.3- <0.6.0-',
78 silly addNameRange   hasData: false }
79 silly addNameRange { name: 'grunt-wp-version',
79 silly addNameRange   range: '>=0.1.0- <0.2.0-',
79 silly addNameRange   hasData: false }
80 silly addNameRange { name: 'grunt-contrib-less',
80 silly addNameRange   range: '>=0.8.1- <0.9.0-',
80 silly addNameRange   hasData: false }
81 verbose url raw grunt-wp-version
82 verbose url resolving [ 'https://registry.npmjs.org/', './grunt-wp-version' ]
83 verbose url resolved https://registry.npmjs.org/grunt-wp-version
84 info retry registry request attempt 1 at 04:44:49
85 http GET https://registry.npmjs.org/grunt-wp-version
86 verbose url raw grunt-contrib-less
87 verbose url resolving [ 'https://registry.npmjs.org/', './grunt-contrib-less' ]
88 verbose url resolved https://registry.npmjs.org/grunt-contrib-less
89 info retry registry request attempt 1 at 04:44:49
90 http GET https://registry.npmjs.org/grunt-contrib-less
91 verbose url raw grunt
92 verbose url resolving [ 'https://registry.npmjs.org/', './grunt' ]
93 verbose url resolved https://registry.npmjs.org/grunt
94 info retry registry request attempt 1 at 04:44:49
95 verbose etag "9WSZRZA4SFPKHCNQ7FNQ2TKG9"
96 http GET https://registry.npmjs.org/grunt
97 verbose url raw grunt-contrib-clean
98 verbose url resolving [ 'https://registry.npmjs.org/', './grunt-contrib-clean' ]
99 verbose url resolved https://registry.npmjs.org/grunt-contrib-clean
100 info retry registry request attempt 1 at 04:44:49
101 verbose etag "A0M7OHJPF0FT3D9FQGE4L9RYX"
102 http GET https://registry.npmjs.org/grunt-contrib-clean
103 verbose url raw grunt-contrib-jshint
104 verbose url resolving [ 'https://registry.npmjs.org/', './grunt-contrib-jshint' ]
105 verbose url resolved https://registry.npmjs.org/grunt-contrib-jshint
106 info retry registry request attempt 1 at 04:44:49
107 verbose etag "BQGZP34IE620UTIVZP6P9H0LP"
108 http GET https://registry.npmjs.org/grunt-contrib-jshint
109 verbose url raw grunt-contrib-uglify
110 verbose url resolving [ 'https://registry.npmjs.org/', './grunt-contrib-uglify' ]
111 verbose url resolved https://registry.npmjs.org/grunt-contrib-uglify
112 info retry registry request attempt 1 at 04:44:49
113 verbose etag "C3ISRE7A6QFVHFCV25HJT09ZD"
114 http GET https://registry.npmjs.org/grunt-contrib-uglify
115 verbose url raw grunt-contrib-watch
116 verbose url resolving [ 'https://registry.npmjs.org/', './grunt-contrib-watch' ]
117 verbose url resolved https://registry.npmjs.org/grunt-contrib-watch
118 info retry registry request attempt 1 at 04:44:49
119 verbose etag "BD46T7RY6AFH95JE5UFPMRS2B"
120 http GET https://registry.npmjs.org/grunt-contrib-watch
121 info retry will retry, error on last attempt: Error: SSL Error: CERT_UNTRUSTED
122 info retry will retry, error on last attempt: Error: SSL Error: CERT_UNTRUSTED
123 info retry will retry, error on last attempt: Error: SSL Error: CERT_UNTRUSTED
124 info retry will retry, error on last attempt: Error: SSL Error: CERT_UNTRUSTED
125 info retry will retry, error on last attempt: Error: SSL Error: CERT_UNTRUSTED
126 info retry will retry, error on last attempt: Error: SSL Error: CERT_UNTRUSTED
127 info retry will retry, error on last attempt: Error: SSL Error: CERT_UNTRUSTED
128 info retry registry request attempt 2 at 04:45:00
129 http GET https://registry.npmjs.org/grunt-contrib-less
130 info retry registry request attempt 2 at 04:45:00
131 verbose etag "9WSZRZA4SFPKHCNQ7FNQ2TKG9"
132 http GET https://registry.npmjs.org/grunt
133 info retry registry request attempt 2 at 04:45:00
134 verbose etag "BQGZP34IE620UTIVZP6P9H0LP"
135 http GET https://registry.npmjs.org/grunt-contrib-jshint
136 info retry registry request attempt 2 at 04:45:00
137 http GET https://registry.npmjs.org/grunt-wp-version
138 info retry registry request attempt 2 at 04:45:00
139 verbose etag "C3ISRE7A6QFVHFCV25HJT09ZD"
140 http GET https://registry.npmjs.org/grunt-contrib-uglify
141 info retry registry request attempt 2 at 04:45:00
142 verbose etag "A0M7OHJPF0FT3D9FQGE4L9RYX"
143 http GET https://registry.npmjs.org/grunt-contrib-clean
144 info retry will retry, error on last attempt: Error: SSL Error: CERT_UNTRUSTED
145 info retry will retry, error on last attempt: Error: SSL Error: CERT_UNTRUSTED
146 info retry will retry, error on last attempt: Error: SSL Error: CERT_UNTRUSTED
147 info retry registry request attempt 2 at 04:45:00
148 verbose etag "BD46T7RY6AFH95JE5UFPMRS2B"
149 http GET https://registry.npmjs.org/grunt-contrib-watch
150 info retry will retry, error on last attempt: Error: SSL Error: CERT_UNTRUSTED
151 info retry will retry, error on last attempt: Error: SSL Error: CERT_UNTRUSTED
152 info retry will retry, error on last attempt: Error: SSL Error: CERT_UNTRUSTED
153 info retry will retry, error on last attempt: Error: SSL Error: CERT_UNTRUSTED
154 info retry registry request attempt 3 at 04:46:00
155 http GET https://registry.npmjs.org/grunt-contrib-less
156 info retry registry request attempt 3 at 04:46:00
157 verbose etag "BQGZP34IE620UTIVZP6P9H0LP"
158 http GET https://registry.npmjs.org/grunt-contrib-jshint
159 info retry registry request attempt 3 at 04:46:00
160 verbose etag "9WSZRZA4SFPKHCNQ7FNQ2TKG9"
161 http GET https://registry.npmjs.org/grunt
162 info retry registry request attempt 3 at 04:46:00
163 http GET https://registry.npmjs.org/grunt-wp-version
164 info retry registry request attempt 3 at 04:46:00
165 verbose etag "A0M7OHJPF0FT3D9FQGE4L9RYX"
166 http GET https://registry.npmjs.org/grunt-contrib-clean
167 info retry registry request attempt 3 at 04:46:00
168 verbose etag "C3ISRE7A6QFVHFCV25HJT09ZD"
169 http GET https://registry.npmjs.org/grunt-contrib-uglify
170 silly lockFile 34b69c49-grunt-contrib-less-0-8-1 grunt-contrib-less@~0.8.1
171 error Error: SSL Error: CERT_UNTRUSTED
171 error     at ClientRequest.<anonymous> (/usr/local/Cellar/node/0.8.8/lib/node_modules/npm/node_modules/request/main.js:525:26)
171 error     at ClientRequest.g (events.js:185:14)
171 error     at ClientRequest.EventEmitter.emit (events.js:88:17)
171 error     at HTTPParser.parserOnIncomingClient [as onIncoming] (http.js:1455:7)
171 error     at HTTPParser.parserOnHeadersComplete [as onHeadersComplete] (http.js:111:23)
171 error     at CleartextStream.socketOnData [as ondata] (http.js:1366:20)
171 error     at CleartextStream.CryptoStream._push (tls.js:495:27)
171 error     at SecurePair.cycle (tls.js:849:20)
171 error     at EncryptedStream.CryptoStream.write (tls.js:230:13)
171 error     at Socket.ondata (stream.js:38:26)
172 error If you need help, you may report this log at:
172 error     <http://github.com/isaacs/npm/issues>
172 error or email it to:
172 error     <npm-@googlegroups.com>
173 error System Darwin 11.4.2
174 error command "/usr/local/Cellar/node/0.8.8/bin/node" "/usr/local/bin/npm" "install"
175 error cwd /Users/sblock/projects/roots-aie
176 error node -v v0.8.8
177 error npm -v 1.1.59
178 verbose exit [ 1, true ]
